<?xml version="1.0" encoding="UTF-8"?>
<testng-results ignored="0" total="1" passed="1" failed="0" skipped="0">
  <reporter-output>
  </reporter-output>
  <suite started-at="2024-02-18T02:23:07 IST" name="All Test Suite" finished-at="2024-02-18T02:23:09 IST" duration-ms="2317">
    <groups>
    </groups>
    <test started-at="2024-02-18T02:23:07 IST" name="C:/Users/ankit/source/repos/RestAssuredE2ETests/src/test/java/uspstests/VerifyStatusCodeTest.java" finished-at="2024-02-18T02:23:09 IST" duration-ms="2317">
      <class name="uspstests.VerifyStatusCodeTest">
        <test-method signature="verifyStatusCode()[pri:0, instance:uspstests.VerifyStatusCodeTest@50a638b5]" started-at="2024-02-18T02:23:07 IST" name="verifyStatusCode" finished-at="2024-02-18T02:23:09 IST" duration-ms="2123" status="PASS">
          <reporter-output>
          </reporter-output>
        </test-method> <!-- verifyStatusCode -->
      </class> <!-- uspstests.VerifyStatusCodeTest -->
    </test> <!-- C:/Users/ankit/source/repos/RestAssuredE2ETests/src/test/java/uspstests/VerifyStatusCodeTest.java -->
  </suite> <!-- All Test Suite -->
</testng-results>
